2009-09-28 23:13:54,105 INFO [org.springframework.web.servlet.DispatcherServlet] - FrameworkServlet 'petclinic': initialization started
2009-09-28 23:13:54,134 INFO [org.springframework.web.context.support.XmlWebApplicationContext] - Refreshing org.springframework.web.context.support.XmlWebApplicationContext@22f3f59: display name [WebApplicationContext for namespace 'petclinic-servlet']; startup date [Mon Sep 28 23:13:54 IST 2009]; root of context hierarchy
2009-09-28 23:13:54,238 INFO [org.springframework.beans.factory.xml.XmlBeanDefinitionReader] - Loading XML bean definitions from ServletContext resource [/WEB-INF/petclinic-servlet.xml]
2009-09-28 23:13:54,651 INFO [org.springframework.web.context.support.XmlWebApplicationContext] - Bean factory for application context [org.springframework.web.context.support.XmlWebApplicationContext@22f3f59]: org.springframework.beans.factory.support.DefaultListableBeanFactory@3514ba11
2009-09-28 23:13:54,894 INFO [org.springframework.beans.factory.support.DefaultListableBeanFactory] - Pre-instantiating singletons in org.springframework.beans.factory.support.DefaultListableBeanFactory@3514ba11: defining beans [addOwnerForm,addPetForm,addVisitForm,clinicController,editOwnerForm,editPetForm,findOwnersForm,org.springframework.context.annotation.internalPersistenceAnnotationProcessor,org.springframework.context.annotation.internalCommonAnnotationProcessor,org.springframework.context.annotation.internalAutowiredAnnotationProcessor,org.springframework.context.annotation.internalRequiredAnnotationProcessor,org.springframework.web.servlet.mvc.annotation.AnnotationMethodHandlerAdapter#0,org.springframework.web.servlet.handler.SimpleMappingExceptionResolver#0,org.springframework.web.servlet.view.InternalResourceViewResolver#0,messageSource]; root of factory hierarchy
2009-09-28 23:13:54,911 INFO [org.springframework.beans.factory.support.DefaultListableBeanFactory] - Destroying singletons in org.springframework.beans.factory.support.DefaultListableBeanFactory@3514ba11: defining beans [addOwnerForm,addPetForm,addVisitForm,clinicController,editOwnerForm,editPetForm,findOwnersForm,org.springframework.context.annotation.internalPersistenceAnnotationProcessor,org.springframework.context.annotation.internalCommonAnnotationProcessor,org.springframework.context.annotation.internalAutowiredAnnotationProcessor,org.springframework.context.annotation.internalRequiredAnnotationProcessor,org.springframework.web.servlet.mvc.annotation.AnnotationMethodHandlerAdapter#0,org.springframework.web.servlet.handler.SimpleMappingExceptionResolver#0,org.springframework.web.servlet.view.InternalResourceViewResolver#0,messageSource]; root of factory hierarchy
2009-09-28 23:13:54,939 ERROR [org.springframework.web.servlet.DispatcherServlet] - Context initialization failed
org.springframework.beans.factory.UnsatisfiedDependencyException: Error creating bean with name 'addOwnerForm' defined in file [/Users/andrew/Documents/workspace/PetClinic-gae/war/WEB-INF/classes/org/springframework/samples/petclinic/web/AddOwnerForm.class]: Unsatisfied dependency expressed through constructor argument with index 0 of type [org.springframework.samples.petclinic.Clinic]: : No unique bean of type [org.springframework.samples.petclinic.Clinic] is defined: Unsatisfied dependency of type [interface org.springframework.samples.petclinic.Clinic]: expected at least 1 matching bean; nested exception is org.springframework.beans.factory.NoSuchBeanDefinitionException: No unique bean of type [org.springframework.samples.petclinic.Clinic] is defined: Unsatisfied dependency of type [interface org.springframework.samples.petclinic.Clinic]: expected at least 1 matching bean
	at org.springframework.beans.factory.support.ConstructorResolver.createArgumentArray(ConstructorResolver.java:591)
	at org.springframework.beans.factory.support.ConstructorResolver.autowireConstructor(ConstructorResolver.java:193)
	at org.springframework.beans.factory.support.AbstractAutowireCapableBeanFactory.autowireConstructor(AbstractAutowireCapableBeanFactory.java:925)
	at org.springframework.beans.factory.support.AbstractAutowireCapableBeanFactory.createBeanInstance(AbstractAutowireCapableBeanFactory.java:835)
	at org.springframework.beans.factory.support.AbstractAutowireCapableBeanFactory.doCreateBean(AbstractAutowireCapableBeanFactory.java:440)
	at org.springframework.beans.factory.support.AbstractAutowireCapableBeanFactory$1.run(AbstractAutowireCapableBeanFactory.java:409)
	at java.security.AccessController.doPrivileged(Native Method)
	at org.springframework.beans.factory.support.AbstractAutowireCapableBeanFactory.createBean(AbstractAutowireCapableBeanFactory.java:380)
	at org.springframework.beans.factory.support.AbstractBeanFactory$1.getObject(AbstractBeanFactory.java:264)
	at org.springframework.beans.factory.support.DefaultSingletonBeanRegistry.getSingleton(DefaultSingletonBeanRegistry.java:222)
	at org.springframework.beans.factory.support.AbstractBeanFactory.doGetBean(AbstractBeanFactory.java:261)
	at org.springframework.beans.factory.support.AbstractBeanFactory.getBean(AbstractBeanFactory.java:185)
	at org.springframework.beans.factory.support.AbstractBeanFactory.getBean(AbstractBeanFactory.java:164)
	at org.springframework.beans.factory.support.DefaultListableBeanFactory.preInstantiateSingletons(DefaultListableBeanFactory.java:429)
	at org.springframework.context.support.AbstractApplicationContext.finishBeanFactoryInitialization(AbstractApplicationContext.java:728)
	at org.springframework.context.support.AbstractApplicationContext.refresh(AbstractApplicationContext.java:380)
	at org.springframework.web.servlet.FrameworkServlet.createWebApplicationContext(FrameworkServlet.java:402)
	at org.springframework.web.servlet.FrameworkServlet.initWebApplicationContext(FrameworkServlet.java:316)
	at org.springframework.web.servlet.FrameworkServlet.initServletBean(FrameworkServlet.java:282)
	at org.springframework.web.servlet.HttpServletBean.init(HttpServletBean.java:126)
	at javax.servlet.GenericServlet.init(GenericServlet.java:212)
	at org.apache.catalina.core.StandardWrapper.loadServlet(StandardWrapper.java:1172)
	at org.apache.catalina.core.StandardWrapper.load(StandardWrapper.java:992)
	at org.apache.catalina.core.StandardContext.loadOnStartup(StandardContext.java:4058)
	at org.apache.catalina.core.StandardContext.start(StandardContext.java:4371)
	at org.apache.catalina.core.ContainerBase.addChildInternal(ContainerBase.java:791)
	at org.apache.catalina.core.ContainerBase.addChild(ContainerBase.java:771)
	at org.apache.catalina.core.StandardHost.addChild(StandardHost.java:525)
	at org.apache.catalina.startup.HostConfig.deployDirectory(HostConfig.java:926)
	at org.apache.catalina.startup.HostConfig.deployDirectories(HostConfig.java:889)
	at org.apache.catalina.startup.HostConfig.deployApps(HostConfig.java:492)
	at org.apache.catalina.startup.HostConfig.start(HostConfig.java:1149)
	at org.apache.catalina.startup.HostConfig.lifecycleEvent(HostConfig.java:311)
	at org.apache.catalina.util.LifecycleSupport.fireLifecycleEvent(LifecycleSupport.java:117)
	at org.apache.catalina.core.ContainerBase.start(ContainerBase.java:1053)
	at org.apache.catalina.core.StandardHost.start(StandardHost.java:719)
	at org.apache.catalina.core.ContainerBase.start(ContainerBase.java:1045)
	at org.apache.catalina.core.StandardEngine.start(StandardEngine.java:443)
	at org.apache.catalina.core.StandardService.start(StandardService.java:516)
	at org.apache.catalina.core.StandardServer.start(StandardServer.java:710)
	at org.apache.catalina.startup.Catalina.start(Catalina.java:578)
	at sun.reflect.NativeMethodAccessorImpl.invoke0(Native Method)
	at sun.reflect.NativeMethodAccessorImpl.invoke(NativeMethodAccessorImpl.java:39)
	at sun.reflect.DelegatingMethodAccessorImpl.invoke(DelegatingMethodAccessorImpl.java:25)
	at java.lang.reflect.Method.invoke(Method.java:597)
	at org.apache.catalina.startup.Bootstrap.start(Bootstrap.java:288)
	at org.apache.catalina.startup.Bootstrap.main(Bootstrap.java:413)
Caused by: org.springframework.beans.factory.NoSuchBeanDefinitionException: No unique bean of type [org.springframework.samples.petclinic.Clinic] is defined: Unsatisfied dependency of type [interface org.springframework.samples.petclinic.Clinic]: expected at least 1 matching bean
	at org.springframework.beans.factory.support.DefaultListableBeanFactory.resolveDependency(DefaultListableBeanFactory.java:613)
	at org.springframework.beans.factory.support.ConstructorResolver.resolveAutowiredArgument(ConstructorResolver.java:622)
	at org.springframework.beans.factory.support.ConstructorResolver.createArgumentArray(ConstructorResolver.java:584)
	... 46 more
2009-09-28 23:16:46,668 INFO [org.springframework.web.context.ContextLoader] - Root WebApplicationContext: initialization started
2009-09-28 23:16:46,731 INFO [org.springframework.web.context.support.XmlWebApplicationContext] - Refreshing org.springframework.web.context.support.XmlWebApplicationContext@556e4ff1: display name [Root WebApplicationContext]; startup date [Mon Sep 28 23:16:46 IST 2009]; root of context hierarchy
2009-09-28 23:16:46,839 INFO [org.springframework.beans.factory.xml.XmlBeanDefinitionReader] - Loading XML bean definitions from ServletContext resource [/WEB-INF/applicationContext-jpa.xml]
2009-09-28 23:16:47,077 INFO [org.springframework.web.context.support.XmlWebApplicationContext] - Bean factory for application context [org.springframework.web.context.support.XmlWebApplicationContext@556e4ff1]: org.springframework.beans.factory.support.DefaultListableBeanFactory@25b55403
2009-09-28 23:16:47,256 INFO [org.springframework.beans.factory.support.DefaultListableBeanFactory] - Pre-instantiating singletons in org.springframework.beans.factory.support.DefaultListableBeanFactory@25b55403: defining beans [entityManagerFactory,transactionManager,org.springframework.context.annotation.internalPersistenceAnnotationProcessor,org.springframework.context.annotation.internalCommonAnnotationProcessor,org.springframework.context.annotation.internalAutowiredAnnotationProcessor,org.springframework.context.annotation.internalRequiredAnnotationProcessor,clinic]; root of factory hierarchy
2009-09-28 23:16:49,803 INFO [org.springframework.web.context.ContextLoader] - Root WebApplicationContext: initialization completed in 3134 ms
2009-09-28 23:16:49,889 INFO [org.springframework.web.servlet.DispatcherServlet] - FrameworkServlet 'petclinic': initialization started
2009-09-28 23:16:49,892 INFO [org.springframework.web.context.support.XmlWebApplicationContext] - Refreshing org.springframework.web.context.support.XmlWebApplicationContext@3e566863: display name [WebApplicationContext for namespace 'petclinic-servlet']; startup date [Mon Sep 28 23:16:49 IST 2009]; parent: org.springframework.web.context.support.XmlWebApplicationContext@556e4ff1
2009-09-28 23:16:49,893 INFO [org.springframework.beans.factory.xml.XmlBeanDefinitionReader] - Loading XML bean definitions from ServletContext resource [/WEB-INF/petclinic-servlet.xml]
2009-09-28 23:16:50,225 INFO [org.springframework.web.context.support.XmlWebApplicationContext] - Bean factory for application context [org.springframework.web.context.support.XmlWebApplicationContext@3e566863]: org.springframework.beans.factory.support.DefaultListableBeanFactory@1e290049
2009-09-28 23:16:50,300 INFO [org.springframework.beans.factory.support.DefaultListableBeanFactory] - Pre-instantiating singletons in org.springframework.beans.factory.support.DefaultListableBeanFactory@1e290049: defining beans [addOwnerForm,addPetForm,addVisitForm,clinicController,editOwnerForm,editPetForm,findOwnersForm,org.springframework.context.annotation.internalPersistenceAnnotationProcessor,org.springframework.context.annotation.internalCommonAnnotationProcessor,org.springframework.context.annotation.internalAutowiredAnnotationProcessor,org.springframework.context.annotation.internalRequiredAnnotationProcessor,org.springframework.web.servlet.mvc.annotation.AnnotationMethodHandlerAdapter#0,org.springframework.web.servlet.handler.SimpleMappingExceptionResolver#0,org.springframework.web.servlet.view.InternalResourceViewResolver#0,messageSource]; parent: org.springframework.beans.factory.support.DefaultListableBeanFactory@25b55403
2009-09-28 23:16:50,734 INFO [org.springframework.web.servlet.DispatcherServlet] - FrameworkServlet 'petclinic': initialization completed in 845 ms
2009-09-28 23:17:13,672 INFO [org.springframework.web.context.support.XmlWebApplicationContext] - Closing org.springframework.web.context.support.XmlWebApplicationContext@3e566863: display name [WebApplicationContext for namespace 'petclinic-servlet']; startup date [Mon Sep 28 23:16:49 IST 2009]; parent: org.springframework.web.context.support.XmlWebApplicationContext@556e4ff1
2009-09-28 23:17:13,675 INFO [org.springframework.beans.factory.support.DefaultListableBeanFactory] - Destroying singletons in org.springframework.beans.factory.support.DefaultListableBeanFactory@1e290049: defining beans [addOwnerForm,addPetForm,addVisitForm,clinicController,editOwnerForm,editPetForm,findOwnersForm,org.springframework.context.annotation.internalPersistenceAnnotationProcessor,org.springframework.context.annotation.internalCommonAnnotationProcessor,org.springframework.context.annotation.internalAutowiredAnnotationProcessor,org.springframework.context.annotation.internalRequiredAnnotationProcessor,org.springframework.web.servlet.mvc.annotation.AnnotationMethodHandlerAdapter#0,org.springframework.web.servlet.handler.SimpleMappingExceptionResolver#0,org.springframework.web.servlet.view.InternalResourceViewResolver#0,messageSource]; parent: org.springframework.beans.factory.support.DefaultListableBeanFactory@25b55403
2009-09-28 23:17:13,705 INFO [org.springframework.web.context.support.XmlWebApplicationContext] - Closing org.springframework.web.context.support.XmlWebApplicationContext@556e4ff1: display name [Root WebApplicationContext]; startup date [Mon Sep 28 23:16:46 IST 2009]; root of context hierarchy
2009-09-28 23:17:13,705 INFO [org.springframework.beans.factory.support.DefaultListableBeanFactory] - Destroying singletons in org.springframework.beans.factory.support.DefaultListableBeanFactory@25b55403: defining beans [entityManagerFactory,transactionManager,org.springframework.context.annotation.internalPersistenceAnnotationProcessor,org.springframework.context.annotation.internalCommonAnnotationProcessor,org.springframework.context.annotation.internalAutowiredAnnotationProcessor,org.springframework.context.annotation.internalRequiredAnnotationProcessor,clinic]; root of factory hierarchy
2009-09-28 23:17:37,302 INFO [org.springframework.web.context.ContextLoader] - Root WebApplicationContext: initialization started
2009-09-28 23:17:37,359 INFO [org.springframework.web.context.support.XmlWebApplicationContext] - Refreshing org.springframework.web.context.support.XmlWebApplicationContext@23e0025d: display name [Root WebApplicationContext]; startup date [Mon Sep 28 23:17:37 IST 2009]; root of context hierarchy
2009-09-28 23:17:37,450 INFO [org.springframework.beans.factory.xml.XmlBeanDefinitionReader] - Loading XML bean definitions from ServletContext resource [/WEB-INF/applicationContext-jpa.xml]
2009-09-28 23:17:37,722 INFO [org.springframework.web.context.support.XmlWebApplicationContext] - Bean factory for application context [org.springframework.web.context.support.XmlWebApplicationContext@23e0025d]: org.springframework.beans.factory.support.DefaultListableBeanFactory@5f2c402a
2009-09-28 23:17:37,902 INFO [org.springframework.beans.factory.support.DefaultListableBeanFactory] - Pre-instantiating singletons in org.springframework.beans.factory.support.DefaultListableBeanFactory@5f2c402a: defining beans [entityManagerFactory,transactionManager,org.springframework.context.annotation.internalPersistenceAnnotationProcessor,org.springframework.context.annotation.internalCommonAnnotationProcessor,org.springframework.context.annotation.internalAutowiredAnnotationProcessor,org.springframework.context.annotation.internalRequiredAnnotationProcessor,clinic]; root of factory hierarchy
2009-09-28 23:17:40,545 INFO [org.springframework.web.context.ContextLoader] - Root WebApplicationContext: initialization completed in 3243 ms
2009-09-28 23:17:40,615 INFO [org.springframework.web.servlet.DispatcherServlet] - FrameworkServlet 'petclinic': initialization started
2009-09-28 23:17:40,616 INFO [org.springframework.web.context.support.XmlWebApplicationContext] - Refreshing org.springframework.web.context.support.XmlWebApplicationContext@2b38113d: display name [WebApplicationContext for namespace 'petclinic-servlet']; startup date [Mon Sep 28 23:17:40 IST 2009]; parent: org.springframework.web.context.support.XmlWebApplicationContext@23e0025d
2009-09-28 23:17:40,617 INFO [org.springframework.beans.factory.xml.XmlBeanDefinitionReader] - Loading XML bean definitions from ServletContext resource [/WEB-INF/petclinic-servlet.xml]
2009-09-28 23:17:40,859 INFO [org.springframework.web.context.support.XmlWebApplicationContext] - Bean factory for application context [org.springframework.web.context.support.XmlWebApplicationContext@2b38113d]: org.springframework.beans.factory.support.DefaultListableBeanFactory@7f5737cf
2009-09-28 23:17:40,956 INFO [org.springframework.beans.factory.support.DefaultListableBeanFactory] - Pre-instantiating singletons in org.springframework.beans.factory.support.DefaultListableBeanFactory@7f5737cf: defining beans [addOwnerForm,addPetForm,addVisitForm,clinicController,editOwnerForm,editPetForm,findOwnersForm,org.springframework.context.annotation.internalPersistenceAnnotationProcessor,org.springframework.context.annotation.internalCommonAnnotationProcessor,org.springframework.context.annotation.internalAutowiredAnnotationProcessor,org.springframework.context.annotation.internalRequiredAnnotationProcessor,org.springframework.web.servlet.mvc.annotation.AnnotationMethodHandlerAdapter#0,org.springframework.web.servlet.handler.SimpleMappingExceptionResolver#0,org.springframework.web.servlet.view.InternalResourceViewResolver#0,messageSource]; parent: org.springframework.beans.factory.support.DefaultListableBeanFactory@5f2c402a
2009-09-28 23:17:41,357 INFO [org.springframework.web.servlet.DispatcherServlet] - FrameworkServlet 'petclinic': initialization completed in 742 ms
2009-09-28 21:18:21,653 INFO [org.springframework.web.context.ContextLoader] - Root WebApplicationContext: initialization started
2009-09-28 21:18:21,717 INFO [org.springframework.web.context.support.XmlWebApplicationContext] - Refreshing org.springframework.web.context.support.XmlWebApplicationContext@a9fcea: display name [Root WebApplicationContext]; startup date [Mon Sep 28 21:18:21 UTC 2009]; root of context hierarchy
2009-09-28 21:18:21,822 INFO [org.springframework.beans.factory.xml.XmlBeanDefinitionReader] - Loading XML bean definitions from ServletContext resource [/WEB-INF/applicationContext-jpa.xml]
2009-09-28 21:18:22,101 INFO [org.springframework.web.context.support.XmlWebApplicationContext] - Bean factory for application context [org.springframework.web.context.support.XmlWebApplicationContext@a9fcea]: org.springframework.beans.factory.support.DefaultListableBeanFactory@7d4275
2009-09-28 21:18:22,241 INFO [org.springframework.beans.factory.support.DefaultListableBeanFactory] - Pre-instantiating singletons in org.springframework.beans.factory.support.DefaultListableBeanFactory@7d4275: defining beans [entityManagerFactory,transactionManager,org.springframework.context.annotation.internalPersistenceAnnotationProcessor,org.springframework.context.annotation.internalAutowiredAnnotationProcessor,org.springframework.context.annotation.internalRequiredAnnotationProcessor,clinic]; root of factory hierarchy
2009-09-28 23:18:22,298 INFO [org.springframework.web.context.support.XmlWebApplicationContext] - Closing org.springframework.web.context.support.XmlWebApplicationContext@2b38113d: display name [WebApplicationContext for namespace 'petclinic-servlet']; startup date [Mon Sep 28 23:17:40 IST 2009]; parent: org.springframework.web.context.support.XmlWebApplicationContext@23e0025d
2009-09-28 23:18:22,299 INFO [org.springframework.beans.factory.support.DefaultListableBeanFactory] - Destroying singletons in org.springframework.beans.factory.support.DefaultListableBeanFactory@7f5737cf: defining beans [addOwnerForm,addPetForm,addVisitForm,clinicController,editOwnerForm,editPetForm,findOwnersForm,org.springframework.context.annotation.internalPersistenceAnnotationProcessor,org.springframework.context.annotation.internalCommonAnnotationProcessor,org.springframework.context.annotation.internalAutowiredAnnotationProcessor,org.springframework.context.annotation.internalRequiredAnnotationProcessor,org.springframework.web.servlet.mvc.annotation.AnnotationMethodHandlerAdapter#0,org.springframework.web.servlet.handler.SimpleMappingExceptionResolver#0,org.springframework.web.servlet.view.InternalResourceViewResolver#0,messageSource]; parent: org.springframework.beans.factory.support.DefaultListableBeanFactory@5f2c402a
2009-09-28 23:18:22,347 INFO [org.springframework.web.context.support.XmlWebApplicationContext] - Closing org.springframework.web.context.support.XmlWebApplicationContext@23e0025d: display name [Root WebApplicationContext]; startup date [Mon Sep 28 23:17:37 IST 2009]; root of context hierarchy
2009-09-28 23:18:22,347 INFO [org.springframework.beans.factory.support.DefaultListableBeanFactory] - Destroying singletons in org.springframework.beans.factory.support.DefaultListableBeanFactory@5f2c402a: defining beans [entityManagerFactory,transactionManager,org.springframework.context.annotation.internalPersistenceAnnotationProcessor,org.springframework.context.annotation.internalCommonAnnotationProcessor,org.springframework.context.annotation.internalAutowiredAnnotationProcessor,org.springframework.context.annotation.internalRequiredAnnotationProcessor,clinic]; root of factory hierarchy
2009-09-28 21:18:24,158 INFO [org.springframework.web.context.ContextLoader] - Root WebApplicationContext: initialization completed in 2501 ms
2009-09-28 21:18:24,388 INFO [org.springframework.web.servlet.DispatcherServlet] - FrameworkServlet 'petclinic': initialization started
2009-09-28 21:18:24,390 INFO [org.springframework.web.context.support.XmlWebApplicationContext] - Refreshing org.springframework.web.context.support.XmlWebApplicationContext@5ab328: display name [WebApplicationContext for namespace 'petclinic-servlet']; startup date [Mon Sep 28 21:18:24 UTC 2009]; parent: org.springframework.web.context.support.XmlWebApplicationContext@a9fcea
2009-09-28 21:18:24,391 INFO [org.springframework.beans.factory.xml.XmlBeanDefinitionReader] - Loading XML bean definitions from ServletContext resource [/WEB-INF/petclinic-servlet.xml]
2009-09-28 21:18:24,576 INFO [org.springframework.web.context.support.XmlWebApplicationContext] - Bean factory for application context [org.springframework.web.context.support.XmlWebApplicationContext@5ab328]: org.springframework.beans.factory.support.DefaultListableBeanFactory@fc8157
2009-09-28 21:18:24,607 INFO [org.springframework.beans.factory.support.DefaultListableBeanFactory] - Pre-instantiating singletons in org.springframework.beans.factory.support.DefaultListableBeanFactory@fc8157: defining beans [addOwnerForm,addPetForm,addVisitForm,clinicController,editOwnerForm,editPetForm,findOwnersForm,org.springframework.context.annotation.internalPersistenceAnnotationProcessor,org.springframework.context.annotation.internalAutowiredAnnotationProcessor,org.springframework.context.annotation.internalRequiredAnnotationProcessor,org.springframework.web.servlet.mvc.annotation.AnnotationMethodHandlerAdapter#0,org.springframework.web.servlet.handler.SimpleMappingExceptionResolver#0,org.springframework.web.servlet.view.InternalResourceViewResolver#0,messageSource]; parent: org.springframework.beans.factory.support.DefaultListableBeanFactory@7d4275
2009-09-28 21:18:24,798 INFO [org.springframework.web.servlet.DispatcherServlet] - FrameworkServlet 'petclinic': initialization completed in 410 ms
2009-09-28 23:25:44,144 INFO [org.springframework.web.context.ContextLoader] - Root WebApplicationContext: initialization started
2009-09-28 23:25:44,203 INFO [org.springframework.web.context.support.XmlWebApplicationContext] - Refreshing org.springframework.web.context.support.XmlWebApplicationContext@a9fcea: display name [Root WebApplicationContext]; startup date [Mon Sep 28 23:25:44 UTC 2009]; root of context hierarchy
2009-09-28 23:25:44,290 INFO [org.springframework.beans.factory.xml.XmlBeanDefinitionReader] - Loading XML bean definitions from ServletContext resource [/WEB-INF/applicationContext-jpa.xml]
2009-09-28 23:25:44,292 ERROR [org.springframework.web.context.ContextLoader] - Context initialization failed
org.springframework.beans.factory.BeanDefinitionStoreException: IOException parsing XML document from ServletContext resource [/WEB-INF/applicationContext-jpa.xml]; nested exception is java.io.FileNotFoundException: Could not open ServletContext resource [/WEB-INF/applicationContext-jpa.xml]
	at org.springframework.beans.factory.xml.XmlBeanDefinitionReader.loadBeanDefinitions(XmlBeanDefinitionReader.java:349)
	at org.springframework.beans.factory.xml.XmlBeanDefinitionReader.loadBeanDefinitions(XmlBeanDefinitionReader.java:310)
	at org.springframework.beans.factory.support.AbstractBeanDefinitionReader.loadBeanDefinitions(AbstractBeanDefinitionReader.java:143)
	at org.springframework.beans.factory.support.AbstractBeanDefinitionReader.loadBeanDefinitions(AbstractBeanDefinitionReader.java:178)
	at org.springframework.beans.factory.support.AbstractBeanDefinitionReader.loadBeanDefinitions(AbstractBeanDefinitionReader.java:149)
	at org.springframework.web.context.support.XmlWebApplicationContext.loadBeanDefinitions(XmlWebApplicationContext.java:124)
	at org.springframework.web.context.support.XmlWebApplicationContext.loadBeanDefinitions(XmlWebApplicationContext.java:92)
	at org.springframework.context.support.AbstractRefreshableApplicationContext.refreshBeanFactory(AbstractRefreshableApplicationContext.java:123)
	at org.springframework.context.support.AbstractApplicationContext.obtainFreshBeanFactory(AbstractApplicationContext.java:422)
	at org.springframework.context.support.AbstractApplicationContext.refresh(AbstractApplicationContext.java:352)
	at org.springframework.web.context.ContextLoader.createWebApplicationContext(ContextLoader.java:255)
	at org.springframework.web.context.ContextLoader.initWebApplicationContext(ContextLoader.java:199)
	at org.springframework.web.context.ContextLoaderListener.contextInitialized(ContextLoaderListener.java:45)
	at org.mortbay.jetty.handler.ContextHandler.startContext(ContextHandler.java:530)
	at org.mortbay.jetty.servlet.Context.startContext(Context.java:135)
	at org.mortbay.jetty.webapp.WebAppContext.startContext(WebAppContext.java:1218)
	at org.mortbay.jetty.handler.ContextHandler.doStart(ContextHandler.java:500)
	at org.mortbay.jetty.webapp.WebAppContext.doStart(WebAppContext.java:448)
	at org.mortbay.component.AbstractLifeCycle.start(AbstractLifeCycle.java:40)
	at org.mortbay.jetty.handler.HandlerWrapper.doStart(HandlerWrapper.java:117)
	at org.mortbay.component.AbstractLifeCycle.start(AbstractLifeCycle.java:40)
	at org.mortbay.jetty.handler.HandlerWrapper.doStart(HandlerWrapper.java:117)
	at org.mortbay.jetty.Server.doStart(Server.java:217)
	at org.mortbay.component.AbstractLifeCycle.start(AbstractLifeCycle.java:40)
	at com.google.appengine.tools.development.JettyContainerService.startContainer(JettyContainerService.java:152)
	at com.google.appengine.tools.development.AbstractContainerService.startup(AbstractContainerService.java:116)
	at com.google.appengine.tools.development.DevAppServerImpl.start(DevAppServerImpl.java:218)
	at com.google.appengine.tools.development.DevAppServerMain$StartAction.apply(DevAppServerMain.java:162)
	at com.google.appengine.tools.util.Parser$ParseResult.applyArgs(Parser.java:48)
	at com.google.appengine.tools.development.DevAppServerMain.<init>(DevAppServerMain.java:113)
	at com.google.appengine.tools.development.DevAppServerMain.main(DevAppServerMain.java:89)
Caused by: java.io.FileNotFoundException: Could not open ServletContext resource [/WEB-INF/applicationContext-jpa.xml]
	at org.springframework.web.context.support.ServletContextResource.getInputStream(ServletContextResource.java:117)
	at org.springframework.beans.factory.xml.XmlBeanDefinitionReader.loadBeanDefinitions(XmlBeanDefinitionReader.java:336)
	... 30 more
2009-09-28 23:26:29,135 INFO [org.springframework.web.context.ContextLoader] - Root WebApplicationContext: initialization started
2009-09-28 23:26:29,188 INFO [org.springframework.web.context.support.XmlWebApplicationContext] - Refreshing org.springframework.web.context.support.XmlWebApplicationContext@e674d6: display name [Root WebApplicationContext]; startup date [Mon Sep 28 23:26:29 UTC 2009]; root of context hierarchy
2009-09-28 23:26:29,285 INFO [org.springframework.beans.factory.xml.XmlBeanDefinitionReader] - Loading XML bean definitions from ServletContext resource [/WEB-INF/applicationContext-datastore.xml]
2009-09-28 23:26:29,567 INFO [org.springframework.web.context.support.XmlWebApplicationContext] - Bean factory for application context [org.springframework.web.context.support.XmlWebApplicationContext@e674d6]: org.springframework.beans.factory.support.DefaultListableBeanFactory@3a9c52
2009-09-28 23:26:29,697 INFO [org.springframework.beans.factory.support.DefaultListableBeanFactory] - Pre-instantiating singletons in org.springframework.beans.factory.support.DefaultListableBeanFactory@3a9c52: defining beans [org.springframework.context.annotation.internalPersistenceAnnotationProcessor,org.springframework.context.annotation.internalAutowiredAnnotationProcessor,org.springframework.context.annotation.internalRequiredAnnotationProcessor,com.google.appengine.api.datastore.DatastoreServiceFactory#0,clinic]; root of factory hierarchy
2009-09-28 23:26:29,795 INFO [org.springframework.web.context.ContextLoader] - Root WebApplicationContext: initialization completed in 659 ms
2009-09-28 23:26:29,911 INFO [org.springframework.web.servlet.DispatcherServlet] - FrameworkServlet 'petclinic': initialization started
2009-09-28 23:26:29,912 INFO [org.springframework.web.context.support.XmlWebApplicationContext] - Refreshing org.springframework.web.context.support.XmlWebApplicationContext@ba936a: display name [WebApplicationContext for namespace 'petclinic-servlet']; startup date [Mon Sep 28 23:26:29 UTC 2009]; parent: org.springframework.web.context.support.XmlWebApplicationContext@e674d6
2009-09-28 23:26:29,913 INFO [org.springframework.beans.factory.xml.XmlBeanDefinitionReader] - Loading XML bean definitions from ServletContext resource [/WEB-INF/petclinic-servlet.xml]
2009-09-28 23:26:30,188 INFO [org.springframework.web.context.support.XmlWebApplicationContext] - Bean factory for application context [org.springframework.web.context.support.XmlWebApplicationContext@ba936a]: org.springframework.beans.factory.support.DefaultListableBeanFactory@c0b204
2009-09-28 23:26:30,226 INFO [org.springframework.beans.factory.support.DefaultListableBeanFactory] - Pre-instantiating singletons in org.springframework.beans.factory.support.DefaultListableBeanFactory@c0b204: defining beans [addOwnerForm,addPetForm,addVisitForm,clinicController,editOwnerForm,editPetForm,findOwnersForm,org.springframework.context.annotation.internalPersistenceAnnotationProcessor,org.springframework.context.annotation.internalAutowiredAnnotationProcessor,org.springframework.context.annotation.internalRequiredAnnotationProcessor,org.springframework.web.servlet.mvc.annotation.AnnotationMethodHandlerAdapter#0,org.springframework.web.servlet.handler.SimpleMappingExceptionResolver#0,org.springframework.web.servlet.view.InternalResourceViewResolver#0,messageSource]; parent: org.springframework.beans.factory.support.DefaultListableBeanFactory@3a9c52
2009-09-28 23:26:30,425 INFO [org.springframework.web.servlet.DispatcherServlet] - FrameworkServlet 'petclinic': initialization completed in 514 ms
2009-09-28 23:28:25,462 INFO [org.springframework.web.context.support.XmlWebApplicationContext] - Closing org.springframework.web.context.support.XmlWebApplicationContext@ba936a: display name [WebApplicationContext for namespace 'petclinic-servlet']; startup date [Mon Sep 28 23:26:29 UTC 2009]; parent: org.springframework.web.context.support.XmlWebApplicationContext@e674d6
2009-09-28 23:28:25,463 INFO [org.springframework.beans.factory.support.DefaultListableBeanFactory] - Destroying singletons in org.springframework.beans.factory.support.DefaultListableBeanFactory@c0b204: defining beans [addOwnerForm,addPetForm,addVisitForm,clinicController,editOwnerForm,editPetForm,findOwnersForm,org.springframework.context.annotation.internalPersistenceAnnotationProcessor,org.springframework.context.annotation.internalAutowiredAnnotationProcessor,org.springframework.context.annotation.internalRequiredAnnotationProcessor,org.springframework.web.servlet.mvc.annotation.AnnotationMethodHandlerAdapter#0,org.springframework.web.servlet.handler.SimpleMappingExceptionResolver#0,org.springframework.web.servlet.view.InternalResourceViewResolver#0,messageSource]; parent: org.springframework.beans.factory.support.DefaultListableBeanFactory@3a9c52
2009-09-28 23:28:25,497 INFO [org.springframework.web.context.support.XmlWebApplicationContext] - Closing org.springframework.web.context.support.XmlWebApplicationContext@e674d6: display name [Root WebApplicationContext]; startup date [Mon Sep 28 23:26:29 UTC 2009]; root of context hierarchy
2009-09-28 23:28:25,497 INFO [org.springframework.beans.factory.support.DefaultListableBeanFactory] - Destroying singletons in org.springframework.beans.factory.support.DefaultListableBeanFactory@3a9c52: defining beans [org.springframework.context.annotation.internalPersistenceAnnotationProcessor,org.springframework.context.annotation.internalAutowiredAnnotationProcessor,org.springframework.context.annotation.internalRequiredAnnotationProcessor,com.google.appengine.api.datastore.DatastoreServiceFactory#0,clinic]; root of factory hierarchy
2009-09-28 23:28:26,088 INFO [org.springframework.web.context.ContextLoader] - Root WebApplicationContext: initialization started
2009-09-28 23:28:26,131 INFO [org.springframework.web.context.support.XmlWebApplicationContext] - Refreshing org.springframework.web.context.support.XmlWebApplicationContext@93ecf7: display name [Root WebApplicationContext]; startup date [Mon Sep 28 23:28:26 UTC 2009]; root of context hierarchy
2009-09-28 23:28:26,235 INFO [org.springframework.beans.factory.xml.XmlBeanDefinitionReader] - Loading XML bean definitions from ServletContext resource [/WEB-INF/applicationContext-datastore.xml]
2009-09-28 23:28:26,394 INFO [org.springframework.web.context.support.XmlWebApplicationContext] - Bean factory for application context [org.springframework.web.context.support.XmlWebApplicationContext@93ecf7]: org.springframework.beans.factory.support.DefaultListableBeanFactory@91c387
2009-09-28 23:28:26,535 INFO [org.springframework.beans.factory.support.DefaultListableBeanFactory] - Pre-instantiating singletons in org.springframework.beans.factory.support.DefaultListableBeanFactory@91c387: defining beans [org.springframework.context.annotation.internalPersistenceAnnotationProcessor,org.springframework.context.annotation.internalAutowiredAnnotationProcessor,org.springframework.context.annotation.internalRequiredAnnotationProcessor,com.google.appengine.api.datastore.DatastoreServiceFactory#0,clinic]; root of factory hierarchy
2009-09-28 23:28:26,602 INFO [org.springframework.web.context.ContextLoader] - Root WebApplicationContext: initialization completed in 514 ms
2009-09-28 23:28:26,639 INFO [org.springframework.web.servlet.DispatcherServlet] - FrameworkServlet 'petclinic': initialization started
2009-09-28 23:28:26,640 INFO [org.springframework.web.context.support.XmlWebApplicationContext] - Refreshing org.springframework.web.context.support.XmlWebApplicationContext@d00e75: display name [WebApplicationContext for namespace 'petclinic-servlet']; startup date [Mon Sep 28 23:28:26 UTC 2009]; parent: org.springframework.web.context.support.XmlWebApplicationContext@93ecf7
2009-09-28 23:28:26,641 INFO [org.springframework.beans.factory.xml.XmlBeanDefinitionReader] - Loading XML bean definitions from ServletContext resource [/WEB-INF/petclinic-servlet.xml]
2009-09-28 23:28:26,892 INFO [org.springframework.web.context.support.XmlWebApplicationContext] - Bean factory for application context [org.springframework.web.context.support.XmlWebApplicationContext@d00e75]: org.springframework.beans.factory.support.DefaultListableBeanFactory@4fa1cd
2009-09-28 23:28:26,928 INFO [org.springframework.beans.factory.support.DefaultListableBeanFactory] - Pre-instantiating singletons in org.springframework.beans.factory.support.DefaultListableBeanFactory@4fa1cd: defining beans [addOwnerForm,addPetForm,addVisitForm,clinicController,editOwnerForm,editPetForm,findOwnersForm,org.springframework.context.annotation.internalPersistenceAnnotationProcessor,org.springframework.context.annotation.internalAutowiredAnnotationProcessor,org.springframework.context.annotation.internalRequiredAnnotationProcessor,org.springframework.web.servlet.mvc.annotation.AnnotationMethodHandlerAdapter#0,org.springframework.web.servlet.handler.SimpleMappingExceptionResolver#0,org.springframework.web.servlet.view.InternalResourceViewResolver#0,messageSource]; parent: org.springframework.beans.factory.support.DefaultListableBeanFactory@91c387
2009-09-28 23:28:27,139 INFO [org.springframework.web.servlet.DispatcherServlet] - FrameworkServlet 'petclinic': initialization completed in 500 ms
2009-09-28 23:59:05,462 INFO [org.springframework.web.context.support.XmlWebApplicationContext] - Closing org.springframework.web.context.support.XmlWebApplicationContext@d00e75: display name [WebApplicationContext for namespace 'petclinic-servlet']; startup date [Mon Sep 28 23:28:26 UTC 2009]; parent: org.springframework.web.context.support.XmlWebApplicationContext@93ecf7
2009-09-28 23:59:05,462 INFO [org.springframework.beans.factory.support.DefaultListableBeanFactory] - Destroying singletons in org.springframework.beans.factory.support.DefaultListableBeanFactory@4fa1cd: defining beans [addOwnerForm,addPetForm,addVisitForm,clinicController,editOwnerForm,editPetForm,findOwnersForm,org.springframework.context.annotation.internalPersistenceAnnotationProcessor,org.springframework.context.annotation.internalAutowiredAnnotationProcessor,org.springframework.context.annotation.internalRequiredAnnotationProcessor,org.springframework.web.servlet.mvc.annotation.AnnotationMethodHandlerAdapter#0,org.springframework.web.servlet.handler.SimpleMappingExceptionResolver#0,org.springframework.web.servlet.view.InternalResourceViewResolver#0,messageSource]; parent: org.springframework.beans.factory.support.DefaultListableBeanFactory@91c387
2009-09-28 23:59:05,498 INFO [org.springframework.web.context.support.XmlWebApplicationContext] - Closing org.springframework.web.context.support.XmlWebApplicationContext@93ecf7: display name [Root WebApplicationContext]; startup date [Mon Sep 28 23:28:26 UTC 2009]; root of context hierarchy
2009-09-28 23:59:05,498 INFO [org.springframework.beans.factory.support.DefaultListableBeanFactory] - Destroying singletons in org.springframework.beans.factory.support.DefaultListableBeanFactory@91c387: defining beans [org.springframework.context.annotation.internalPersistenceAnnotationProcessor,org.springframework.context.annotation.internalAutowiredAnnotationProcessor,org.springframework.context.annotation.internalRequiredAnnotationProcessor,com.google.appengine.api.datastore.DatastoreServiceFactory#0,clinic]; root of factory hierarchy
2009-09-28 23:59:06,066 INFO [org.springframework.web.context.ContextLoader] - Root WebApplicationContext: initialization started
2009-09-28 23:59:06,116 INFO [org.springframework.web.context.support.XmlWebApplicationContext] - Refreshing org.springframework.web.context.support.XmlWebApplicationContext@bb703d: display name [Root WebApplicationContext]; startup date [Mon Sep 28 23:59:06 UTC 2009]; root of context hierarchy
2009-09-28 23:59:06,325 INFO [org.springframework.beans.factory.xml.XmlBeanDefinitionReader] - Loading XML bean definitions from ServletContext resource [/WEB-INF/applicationContext-datastore.xml]
2009-09-28 23:59:06,436 INFO [org.springframework.web.context.support.XmlWebApplicationContext] - Bean factory for application context [org.springframework.web.context.support.XmlWebApplicationContext@bb703d]: org.springframework.beans.factory.support.DefaultListableBeanFactory@fd4406
2009-09-28 23:59:06,542 INFO [org.springframework.beans.factory.support.DefaultListableBeanFactory] - Pre-instantiating singletons in org.springframework.beans.factory.support.DefaultListableBeanFactory@fd4406: defining beans [org.springframework.context.annotation.internalPersistenceAnnotationProcessor,org.springframework.context.annotation.internalAutowiredAnnotationProcessor,org.springframework.context.annotation.internalRequiredAnnotationProcessor,com.google.appengine.api.datastore.DatastoreServiceFactory#0,clinic]; root of factory hierarchy
2009-09-28 23:59:06,760 INFO [org.springframework.web.context.ContextLoader] - Root WebApplicationContext: initialization completed in 693 ms
2009-09-28 23:59:06,791 INFO [org.springframework.web.servlet.DispatcherServlet] - FrameworkServlet 'petclinic': initialization started
2009-09-28 23:59:06,793 INFO [org.springframework.web.context.support.XmlWebApplicationContext] - Refreshing org.springframework.web.context.support.XmlWebApplicationContext@db8998: display name [WebApplicationContext for namespace 'petclinic-servlet']; startup date [Mon Sep 28 23:59:06 UTC 2009]; parent: org.springframework.web.context.support.XmlWebApplicationContext@bb703d
2009-09-28 23:59:06,793 INFO [org.springframework.beans.factory.xml.XmlBeanDefinitionReader] - Loading XML bean definitions from ServletContext resource [/WEB-INF/petclinic-servlet.xml]
2009-09-28 23:59:06,961 INFO [org.springframework.web.context.support.XmlWebApplicationContext] - Bean factory for application context [org.springframework.web.context.support.XmlWebApplicationContext@db8998]: org.springframework.beans.factory.support.DefaultListableBeanFactory@cad432
2009-09-28 23:59:06,993 INFO [org.springframework.beans.factory.support.DefaultListableBeanFactory] - Pre-instantiating singletons in org.springframework.beans.factory.support.DefaultListableBeanFactory@cad432: defining beans [addOwnerForm,addPetForm,addVisitForm,clinicController,editOwnerForm,editPetForm,findOwnersForm,org.springframework.context.annotation.internalPersistenceAnnotationProcessor,org.springframework.context.annotation.internalAutowiredAnnotationProcessor,org.springframework.context.annotation.internalRequiredAnnotationProcessor,org.springframework.web.servlet.mvc.annotation.AnnotationMethodHandlerAdapter#0,org.springframework.web.servlet.handler.SimpleMappingExceptionResolver#0,org.springframework.web.servlet.view.InternalResourceViewResolver#0,messageSource]; parent: org.springframework.beans.factory.support.DefaultListableBeanFactory@fd4406
2009-09-28 23:59:07,210 INFO [org.springframework.web.servlet.DispatcherServlet] - FrameworkServlet 'petclinic': initialization completed in 419 ms
2009-09-29 00:01:10,462 INFO [org.springframework.web.context.support.XmlWebApplicationContext] - Closing org.springframework.web.context.support.XmlWebApplicationContext@db8998: display name [WebApplicationContext for namespace 'petclinic-servlet']; startup date [Mon Sep 28 23:59:06 UTC 2009]; parent: org.springframework.web.context.support.XmlWebApplicationContext@bb703d
2009-09-29 00:01:10,463 INFO [org.springframework.beans.factory.support.DefaultListableBeanFactory] - Destroying singletons in org.springframework.beans.factory.support.DefaultListableBeanFactory@cad432: defining beans [addOwnerForm,addPetForm,addVisitForm,clinicController,editOwnerForm,editPetForm,findOwnersForm,org.springframework.context.annotation.internalPersistenceAnnotationProcessor,org.springframework.context.annotation.internalAutowiredAnnotationProcessor,org.springframework.context.annotation.internalRequiredAnnotationProcessor,org.springframework.web.servlet.mvc.annotation.AnnotationMethodHandlerAdapter#0,org.springframework.web.servlet.handler.SimpleMappingExceptionResolver#0,org.springframework.web.servlet.view.InternalResourceViewResolver#0,messageSource]; parent: org.springframework.beans.factory.support.DefaultListableBeanFactory@fd4406
2009-09-29 00:01:10,484 INFO [org.springframework.web.context.support.XmlWebApplicationContext] - Closing org.springframework.web.context.support.XmlWebApplicationContext@bb703d: display name [Root WebApplicationContext]; startup date [Mon Sep 28 23:59:06 UTC 2009]; root of context hierarchy
2009-09-29 00:01:10,484 INFO [org.springframework.beans.factory.support.DefaultListableBeanFactory] - Destroying singletons in org.springframework.beans.factory.support.DefaultListableBeanFactory@fd4406: defining beans [org.springframework.context.annotation.internalPersistenceAnnotationProcessor,org.springframework.context.annotation.internalAutowiredAnnotationProcessor,org.springframework.context.annotation.internalRequiredAnnotationProcessor,com.google.appengine.api.datastore.DatastoreServiceFactory#0,clinic]; root of factory hierarchy
2009-09-29 00:01:10,905 INFO [org.springframework.web.context.ContextLoader] - Root WebApplicationContext: initialization started
2009-09-29 00:01:10,948 INFO [org.springframework.web.context.support.XmlWebApplicationContext] - Refreshing org.springframework.web.context.support.XmlWebApplicationContext@add17a: display name [Root WebApplicationContext]; startup date [Tue Sep 29 00:01:10 UTC 2009]; root of context hierarchy
2009-09-29 00:01:11,043 INFO [org.springframework.beans.factory.xml.XmlBeanDefinitionReader] - Loading XML bean definitions from ServletContext resource [/WEB-INF/applicationContext-datastore.xml]
2009-09-29 00:01:11,158 INFO [org.springframework.web.context.support.XmlWebApplicationContext] - Bean factory for application context [org.springframework.web.context.support.XmlWebApplicationContext@add17a]: org.springframework.beans.factory.support.DefaultListableBeanFactory@9f129d
2009-09-29 00:01:11,278 INFO [org.springframework.beans.factory.support.DefaultListableBeanFactory] - Pre-instantiating singletons in org.springframework.beans.factory.support.DefaultListableBeanFactory@9f129d: defining beans [org.springframework.context.annotation.internalPersistenceAnnotationProcessor,org.springframework.context.annotation.internalAutowiredAnnotationProcessor,org.springframework.context.annotation.internalRequiredAnnotationProcessor,com.google.appengine.api.datastore.DatastoreServiceFactory#0,clinic]; root of factory hierarchy
2009-09-29 00:01:11,668 INFO [org.springframework.web.context.ContextLoader] - Root WebApplicationContext: initialization completed in 763 ms
2009-09-29 00:01:11,697 INFO [org.springframework.web.servlet.DispatcherServlet] - FrameworkServlet 'petclinic': initialization started
2009-09-29 00:01:11,698 INFO [org.springframework.web.context.support.XmlWebApplicationContext] - Refreshing org.springframework.web.context.support.XmlWebApplicationContext@431357: display name [WebApplicationContext for namespace 'petclinic-servlet']; startup date [Tue Sep 29 00:01:11 UTC 2009]; parent: org.springframework.web.context.support.XmlWebApplicationContext@add17a
2009-09-29 00:01:11,700 INFO [org.springframework.beans.factory.xml.XmlBeanDefinitionReader] - Loading XML bean definitions from ServletContext resource [/WEB-INF/petclinic-servlet.xml]
2009-09-29 00:01:11,854 INFO [org.springframework.web.context.support.XmlWebApplicationContext] - Bean factory for application context [org.springframework.web.context.support.XmlWebApplicationContext@431357]: org.springframework.beans.factory.support.DefaultListableBeanFactory@aa4afc
2009-09-29 00:01:11,888 INFO [org.springframework.beans.factory.support.DefaultListableBeanFactory] - Pre-instantiating singletons in org.springframework.beans.factory.support.DefaultListableBeanFactory@aa4afc: defining beans [addOwnerForm,addPetForm,addVisitForm,clinicController,editOwnerForm,editPetForm,findOwnersForm,org.springframework.context.annotation.internalPersistenceAnnotationProcessor,org.springframework.context.annotation.internalAutowiredAnnotationProcessor,org.springframework.context.annotation.internalRequiredAnnotationProcessor,org.springframework.web.servlet.mvc.annotation.AnnotationMethodHandlerAdapter#0,org.springframework.web.servlet.handler.SimpleMappingExceptionResolver#0,org.springframework.web.servlet.view.InternalResourceViewResolver#0,messageSource]; parent: org.springframework.beans.factory.support.DefaultListableBeanFactory@9f129d
2009-09-29 00:01:12,074 INFO [org.springframework.web.servlet.DispatcherServlet] - FrameworkServlet 'petclinic': initialization completed in 377 ms
2009-09-29 00:04:30,466 INFO [org.springframework.web.context.support.XmlWebApplicationContext] - Closing org.springframework.web.context.support.XmlWebApplicationContext@431357: display name [WebApplicationContext for namespace 'petclinic-servlet']; startup date [Tue Sep 29 00:01:11 UTC 2009]; parent: org.springframework.web.context.support.XmlWebApplicationContext@add17a
2009-09-29 00:04:30,474 INFO [org.springframework.beans.factory.support.DefaultListableBeanFactory] - Destroying singletons in org.springframework.beans.factory.support.DefaultListableBeanFactory@aa4afc: defining beans [addOwnerForm,addPetForm,addVisitForm,clinicController,editOwnerForm,editPetForm,findOwnersForm,org.springframework.context.annotation.internalPersistenceAnnotationProcessor,org.springframework.context.annotation.internalAutowiredAnnotationProcessor,org.springframework.context.annotation.internalRequiredAnnotationProcessor,org.springframework.web.servlet.mvc.annotation.AnnotationMethodHandlerAdapter#0,org.springframework.web.servlet.handler.SimpleMappingExceptionResolver#0,org.springframework.web.servlet.view.InternalResourceViewResolver#0,messageSource]; parent: org.springframework.beans.factory.support.DefaultListableBeanFactory@9f129d
2009-09-29 00:04:30,510 INFO [org.springframework.web.context.support.XmlWebApplicationContext] - Closing org.springframework.web.context.support.XmlWebApplicationContext@add17a: display name [Root WebApplicationContext]; startup date [Tue Sep 29 00:01:10 UTC 2009]; root of context hierarchy
2009-09-29 00:04:30,510 INFO [org.springframework.beans.factory.support.DefaultListableBeanFactory] - Destroying singletons in org.springframework.beans.factory.support.DefaultListableBeanFactory@9f129d: defining beans [org.springframework.context.annotation.internalPersistenceAnnotationProcessor,org.springframework.context.annotation.internalAutowiredAnnotationProcessor,org.springframework.context.annotation.internalRequiredAnnotationProcessor,com.google.appengine.api.datastore.DatastoreServiceFactory#0,clinic]; root of factory hierarchy
2009-09-29 00:04:31,111 INFO [org.springframework.web.context.ContextLoader] - Root WebApplicationContext: initialization started
2009-09-29 00:04:31,162 INFO [org.springframework.web.context.support.XmlWebApplicationContext] - Refreshing org.springframework.web.context.support.XmlWebApplicationContext@890044: display name [Root WebApplicationContext]; startup date [Tue Sep 29 00:04:31 UTC 2009]; root of context hierarchy
2009-09-29 00:04:31,257 INFO [org.springframework.beans.factory.xml.XmlBeanDefinitionReader] - Loading XML bean definitions from ServletContext resource [/WEB-INF/applicationContext-datastore.xml]
2009-09-29 00:04:31,371 INFO [org.springframework.web.context.support.XmlWebApplicationContext] - Bean factory for application context [org.springframework.web.context.support.XmlWebApplicationContext@890044]: org.springframework.beans.factory.support.DefaultListableBeanFactory@97ce45
2009-09-29 00:04:31,475 INFO [org.springframework.beans.factory.support.DefaultListableBeanFactory] - Pre-instantiating singletons in org.springframework.beans.factory.support.DefaultListableBeanFactory@97ce45: defining beans [org.springframework.context.annotation.internalPersistenceAnnotationProcessor,org.springframework.context.annotation.internalAutowiredAnnotationProcessor,org.springframework.context.annotation.internalRequiredAnnotationProcessor,com.google.appengine.api.datastore.DatastoreServiceFactory#0,clinic]; root of factory hierarchy
2009-09-29 00:04:31,694 INFO [org.springframework.web.context.ContextLoader] - Root WebApplicationContext: initialization completed in 581 ms
2009-09-29 00:04:31,724 INFO [org.springframework.web.servlet.DispatcherServlet] - FrameworkServlet 'petclinic': initialization started
2009-09-29 00:04:31,726 INFO [org.springframework.web.context.support.XmlWebApplicationContext] - Refreshing org.springframework.web.context.support.XmlWebApplicationContext@43a9ef: display name [WebApplicationContext for namespace 'petclinic-servlet']; startup date [Tue Sep 29 00:04:31 UTC 2009]; parent: org.springframework.web.context.support.XmlWebApplicationContext@890044
2009-09-29 00:04:31,727 INFO [org.springframework.beans.factory.xml.XmlBeanDefinitionReader] - Loading XML bean definitions from ServletContext resource [/WEB-INF/petclinic-servlet.xml]
2009-09-29 00:04:31,884 INFO [org.springframework.web.context.support.XmlWebApplicationContext] - Bean factory for application context [org.springframework.web.context.support.XmlWebApplicationContext@43a9ef]: org.springframework.beans.factory.support.DefaultListableBeanFactory@7eb527
2009-09-29 00:04:31,923 INFO [org.springframework.beans.factory.support.DefaultListableBeanFactory] - Pre-instantiating singletons in org.springframework.beans.factory.support.DefaultListableBeanFactory@7eb527: defining beans [addOwnerForm,addPetForm,addVisitForm,clinicController,editOwnerForm,editPetForm,findOwnersForm,org.springframework.context.annotation.internalPersistenceAnnotationProcessor,org.springframework.context.annotation.internalAutowiredAnnotationProcessor,org.springframework.context.annotation.internalRequiredAnnotationProcessor,org.springframework.web.servlet.mvc.annotation.AnnotationMethodHandlerAdapter#0,org.springframework.web.servlet.handler.SimpleMappingExceptionResolver#0,org.springframework.web.servlet.view.InternalResourceViewResolver#0,messageSource]; parent: org.springframework.beans.factory.support.DefaultListableBeanFactory@97ce45
2009-09-29 00:04:32,113 INFO [org.springframework.web.servlet.DispatcherServlet] - FrameworkServlet 'petclinic': initialization completed in 388 ms
